app/build/outputs/mapping/debug/seeds.txt
com.example.ghost.vaksin.Booking1
com.example.ghost.vaksin.Booking1: Booking1()
com.example.ghost.vaksin.Booking1: void onClick(android.view.View)
com.example.ghost.vaksin.DefaultIntro
com.example.ghost.vaksin.DefaultIntro: DefaultIntro()
com.example.ghost.vaksin.DefaultIntro: void getStarted(android.view.View)
com.example.ghost.vaksin.Images
com.example.ghost.vaksin.Images: Images()
com.example.ghost.vaksin.Images: void onClick(android.view.View)
com.example.ghost.vaksin.JenisVaksin
com.example.ghost.vaksin.JenisVaksin: JenisVaksin()
com.example.ghost.vaksin.JenisVaksin: void back(android.view.View)
com.example.ghost.vaksin.Laporkan
com.example.ghost.vaksin.Laporkan: Laporkan()
com.example.ghost.vaksin.Login
com.example.ghost.vaksin.Login: Login()
com.example.ghost.vaksin.Login: void Tentang(android.view.View)
com.example.ghost.vaksin.Login: void Login(android.view.View)
com.example.ghost.vaksin.Login: void registerOnClick(android.view.View)
com.example.ghost.vaksin.Login: void resetOnClick(android.view.View)
com.example.ghost.vaksin.Lokasi
com.example.ghost.vaksin.Lokasi: Lokasi()
com.example.ghost.vaksin.MainActivity
com.example.ghost.vaksin.MainActivity: MainActivity()
com.example.ghost.vaksin.MainActivity: void order(android.view.View)
com.example.ghost.vaksin.MainActivity: void booking(android.view.View)
com.example.ghost.vaksin.MainActivity: void jadwal(android.view.View)
com.example.ghost.vaksin.MainActivity: void onClick(android.view.View)
com.example.ghost.vaksin.Order
com.example.ghost.vaksin.Order: Order()
com.example.ghost.vaksin.Order: void onClick(android.view.View)
com.example.ghost.vaksin.Order: void bayar(android.view.View)
com.example.ghost.vaksin.Profil
com.example.ghost.vaksin.Profil: Profil()
com.example.ghost.vaksin.Profil: void kembali(android.view.View)
com.example.ghost.vaksin.R$anim: int abc_fade_in
com.example.ghost.vaksin.R$anim: int abc_fade_out
com.example.ghost.vaksin.R$anim: int abc_grow_fade_in_from_bottom
com.example.ghost.vaksin.R$anim: int abc_popup_enter
com.example.ghost.vaksin.R$anim: int abc_popup_exit
com.example.ghost.vaksin.R$anim: int abc_shrink_fade_out_from_bottom
com.example.ghost.vaksin.R$anim: int abc_slide_in_bottom
com.example.ghost.vaksin.R$anim: int abc_slide_in_top
com.example.ghost.vaksin.R$anim: int abc_slide_out_bottom
com.example.ghost.vaksin.R$anim: int abc_slide_out_top
com.example.ghost.vaksin.R$anim: int design_bottom_sheet_slide_in
com.example.ghost.vaksin.R$anim: int design_bottom_sheet_slide_out
com.example.ghost.vaksin.R$anim: int design_fab_in
com.example.ghost.vaksin.R$anim: int design_fab_out
com.example.ghost.vaksin.R$anim: int design_snackbar_in
com.example.ghost.vaksin.R$anim: int design_snackbar_out
com.example.ghost.vaksin.R$array: int cast_expanded_controller_default_control_buttons
com.example.ghost.vaksin.R$array: int cast_mini_controller_default_control_buttons
...
com.google.android.gms.drive.internal.OnEventResponse
com.google.android.gms.drive.internal.OnEventResponse: android.os.Parcelable$Creator CREATOR
com.google.android.gms.drive.internal.OnFetchThumbnailResponse
com.google.android.gms.drive.internal.OnFetchThumbnailResponse: android.os.Parcelable$Creator CREATOR
com.google.android.gms.drive.internal.OnListEntriesResponse
com.google.android.gms.drive.internal.OnListEntriesResponse: android.os.Parcelable$Creator CREATOR
com.google.android.gms.drive.internal.OnListParentsResponse
com.google.android.gms.drive.internal.OnListParentsResponse: android.os.Parcelable$Creator CREATOR
com.google.android.gms.drive.internal.OnLoadRealtimeResponse
com.google.android.gms.drive.internal.OnLoadRealtimeResponse: android.os.Parcelable$Creator CREATOR
com.google.android.gms.drive.internal.OnMetadataResponse
com.google.android.gms.drive.internal.OnMetadataResponse: android.os.Parcelable$Creator CREATOR
com.google.android.gms.drive.internal.OnPinnedDownloadPreferencesResponse
com.google.android.gms.drive.internal.OnPinnedDownloadPreferencesResponse: android.os.Parcelable$Creator CREATOR
com.google.android.gms.drive.internal.OnResourceIdSetResponse
com.google.android.gms.drive.internal.OnResourceIdSetResponse: android.os.Parcelable$Creator CREATOR
com.google.android.gms.drive.internal.OnStartStreamSession
com.google.android.gms.drive.internal.OnStartStreamSession: android.os.Parcelable$Creator CREATOR
com.google.android.gms.drive.internal.OnSyncMoreResponse
com.google.android.gms.drive.internal.OnSyncMoreResponse: android.os.Parcelable$Creator CREATOR
com.google.android.gms.drive.internal.OpenContentsRequest
com.google.android.gms.drive.internal.OpenContentsRequest: android.os.Parcelable$Creator CREATOR
com.google.android.gms.drive.internal.OpenFileIntentSenderRequest
com.google.android.gms.drive.internal.OpenFileIntentSenderRequest: android.os.Parcelable$Creator CREATOR
com.google.android.gms.drive.internal.ParcelableTransferPreferences
com.google.android.gms.drive.internal.ParcelableTransferPreferences: android.os.Parcelable$Creator CREATOR
com.google.android.gms.drive.internal.QueryRequest
com.google.android.gms.drive.internal.QueryRequest: android.os.Parcelable$Creator CREATOR
com.google.android.gms.drive.internal.RemoveEventListenerRequest
com.google.android.gms.drive.internal.RemoveEventListenerRequest: android.os.Parcelable$Creator CREATOR
com.google.android.gms.drive.internal.RemovePermissionRequest
com.google.android.gms.drive.internal.RemovePermissionRequest: android.os.Parcelable$Creator CREATOR
com.google.android.gms.drive.internal.SetFileUploadPreferencesRequest
com.google.android.gms.drive.internal.SetFileUploadPreferencesRequest: android.os.Parcelable$Creator CREATOR
com.google.android.gms.drive.internal.SetPinnedDownloadPreferencesRequest
com.google.android.gms.drive.internal.SetPinnedDownloadPreferencesRequest: android.os.Parcelable$Creator CREATOR
com.google.android.gms.drive.internal.SetResourceParentsRequest
com.google.android.gms.drive.internal.SetResourceParentsRequest: android.os.Parcelable$Creator CREATOR
com.google.android.gms.drive.internal.StreamContentsRequest
com.google.android.gms.drive.internal.StreamContentsRequest: android.os.Parcelable$Creator CREATOR
com.google.android.gms.drive.internal.StringListResponse
com.google.android.gms.drive.internal.StringListResponse: android.os.Parcelable$Creator CREATOR
com.google.android.gms.drive.internal.TrashResourceRequest
com.google.android.gms.drive.internal.TrashResourceRequest: android.os.Parcelable$Creator CREATOR
com.google.android.gms.drive.internal.UnsubscribeResourceRequest
com.google.android.gms.drive.internal.UnsubscribeResourceRequest: android.os.Parcelable$Creator CREATOR
com.google.android.gms.drive.internal.UntrashResourceRequest
com.google.android.gms.drive.internal.UntrashResourceRequest: android.os.Parcelable$Creator CREATOR