app/build/outputs/mapping/debug/mapping.txt
com.example.ghost.vaksin.Booking1 -> com.example.ghost.vaksin.Booking1:
    android.widget.EditText tanggalEditText -> r
    android.widget.RelativeLayout pertama -> s
    android.widget.RelativeLayout kedua -> t
    android.app.DatePickerDialog datePickerDialog -> u
    java.text.SimpleDateFormat simpleDateFormat -> v
    android.app.ProgressDialog progressDialog -> w
    android.widget.TextView antrianSkrg -> x
    android.widget.TextView antrianAnda -> y
    android.widget.TextView berhasil -> z
    int nomorSkrg -> A
    int nomorAnda -> B
    int antrian -> C
    com.example.ghost.vaksin.ConnectionDetector cd -> D
    android.widget.Button booking -> n
    android.widget.Button butonCancel -> o
    com.example.ghost.vaksin.SessionManager manager -> p
    android.widget.RelativeLayout snackbar -> q
    void <init>() -> <init>
    void onCreate(android.os.Bundle) -> onCreate
    void setTanggal() -> l
    void cekBooking() -> m
    void setAntrian(int) -> c
    void checkAntrian() -> n
    void registerUser() -> o
    void cancelUser() -> p
    void onClick(android.view.View) -> onClick
    void onBackPressed() -> onBackPressed
    java.text.SimpleDateFormat access$000(com.example.ghost.vaksin.Booking1) -> a
    android.widget.EditText access$100(com.example.ghost.vaksin.Booking1) -> b
    void access$200(com.example.ghost.vaksin.Booking1) -> c
    int access$302(com.example.ghost.vaksin.Booking1,int) -> a
    int access$300(com.example.ghost.vaksin.Booking1) -> d
com.example.ghost.vaksin.Booking1$1 -> com.example.ghost.vaksin.Booking1$1:
    com.example.ghost.vaksin.Booking1 this$0 -> a
    void <init>(com.example.ghost.vaksin.Booking1) -> <init>
    void onDateSet(android.widget.DatePicker,int,int,int) -> onDateSet
com.example.ghost.vaksin.Booking1$10 -> com.example.ghost.vaksin.Booking1$2:
    java.lang.String val$username -> a
    java.lang.String val$tanggal -> b
    java.lang.String val$antrian -> c
    com.example.ghost.vaksin.Booking1 this$0 -> d
    void <init>(com.example.ghost.vaksin.Booking1,int,java.lang.String,com.android.volley.Response$Listener,com.android.volley.Response$ErrorListener,java.lang.String,java.lang.String,java.lang.String) -> <init>
    java.util.Map getParams() -> n
com.example.ghost.vaksin.Booking1$2 -> com.example.ghost.vaksin.Booking1$3:
    com.example.ghost.vaksin.Booking1 this$0 -> a
    void <init>(com.example.ghost.vaksin.Booking1) -> <init>
    void onResponse(java.lang.String) -> a
    void onResponse(java.lang.Object) -> a
com.example.ghost.vaksin.Booking1$3 -> com.example.ghost.vaksin.Booking1$4:
    com.example.ghost.vaksin.Booking1 this$0 -> a
    void <init>(com.example.ghost.vaksin.Booking1) -> <init>
    void onErrorResponse(com.android.volley.VolleyError) -> a
com.example.ghost.vaksin.Booking1$4 -> com.example.ghost.vaksin.Booking1$5:
    java.lang.String val$tanggal -> a
    com.example.ghost.vaksin.Booking1 this$0 -> b
    void <init>(com.example.ghost.vaksin.Booking1,int,java.lang.String,com.android.volley.Response$Listener,com.android.volley.Response$ErrorListener,java.lang.String) -> <init>
    java.util.Map getParams() -> n
com.example.ghost.vaksin.Booking1$5 -> com.example.ghost.vaksin.Booking1$6:
    java.lang.String val$tanggal -> a
    java.lang.String val$antrian -> b
    android.support.v7.app.AlertDialog[] val$alertDialog -> c
    com.example.ghost.vaksin.Booking1 this$0 -> d
    void <init>(com.example.ghost.vaksin.Booking1,java.lang.String,java.lang.String,android.support.v7.app.AlertDialog[]) -> <init>
    void onResponse(java.lang.String) -> a
    void onResponse(java.lang.Object) -> a
com.example.ghost.vaksin.Booking1$5$1 -> com.example.ghost.vaksin.Booking1$6$1:
    com.example.ghost.vaksin.Booking1$5 this$1 -> a
    void <init>(com.example.ghost.vaksin.Booking1$5) -> <init>
    void onClick(android.content.DialogInterface,int) -> onClick
...
com.google.android.gms.auth.api.proxy.zzc -> com.google.android.gms.auth.api.proxy.d:
    void <init>() -> <init>
    com.google.android.gms.auth.api.proxy.ProxyResponse zzau(android.os.Parcel) -> a
    com.google.android.gms.auth.api.proxy.ProxyResponse[] zzdf(int) -> a
    void zza(com.google.android.gms.auth.api.proxy.ProxyResponse,android.os.Parcel,int) -> a
    java.lang.Object[] newArray(int) -> newArray
    java.lang.Object createFromParcel(android.os.Parcel) -> createFromParcel
com.google.android.gms.auth.api.signin.GoogleSignInAccount -> com.google.android.gms.auth.api.signin.GoogleSignInAccount:
    android.os.Parcelable$Creator CREATOR -> CREATOR
    com.google.android.gms.common.util.zze gT -> a
    int versionCode -> b
    java.lang.String zzbks -> d
    java.lang.String gs -> e
    java.lang.String gU -> f
    java.lang.String gV -> g
    android.net.Uri gW -> h
    java.lang.String gX -> i
    long gY -> j
    java.lang.String gZ -> k
    java.util.List fK -> c
    java.lang.String ha -> l
    java.lang.String hb -> m
    java.util.Comparator hc -> n
    com.google.android.gms.auth.api.signin.GoogleSignInAccount zzfw(java.lang.String) -> a
    com.google.android.gms.auth.api.signin.GoogleSignInAccount zza(java.lang.String,java.lang.String,java.lang.String,java.lang.String,java.lang.String,java.lang.String,android.net.Uri,java.lang.Long,java.lang.String,java.util.Set) -> a
    void <init>(int,java.lang.String,java.lang.String,java.lang.String,java.lang.String,android.net.Uri,java.lang.String,long,java.lang.String,java.util.List,java.lang.String,java.lang.String) -> <init>
    java.lang.String getId() -> a
    java.lang.String getIdToken() -> b
    java.lang.String getEmail() -> c
    java.lang.String getDisplayName() -> d
    java.lang.String getGivenName() -> e
    java.lang.String getFamilyName() -> f
    android.net.Uri getPhotoUrl() -> g
    com.google.android.gms.auth.api.signin.GoogleSignInAccount zzfx(java.lang.String) -> b
com.google.android.gms.auth.api.signin.GoogleSignInAccount$1 -> com.google.android.gms.auth.api.signin.GoogleSignInAccount$1:
    void <init>() -> <init>
    int zza(com.google.android.gms.common.api.Scope,com.google.android.gms.common.api.Scope) -> a
    int compare(java.lang.Object,java.lang.Object) -> compare
com.google.android.gms.auth.api.signin.GoogleSignInApi -> com.google.android.gms.auth.api.signin.a:
    com.google.android.gms.common.api.PendingResult revokeAccess(com.google.android.gms.common.api.GoogleApiClient) -> a
com.google.android.gms.auth.api.signin.GoogleSignInOptions -> com.google.android.gms.auth.api.signin.GoogleSignInOptions:
    com.google.android.gms.common.api.Scope hd -> a
    com.google.android.gms.common.api.Scope he -> b
    com.google.android.gms.common.api.Scope hf -> c
    com.google.android.gms.auth.api.signin.GoogleSignInOptions DEFAULT_SIGN_IN -> d
    android.os.Parcelable$Creator CREATOR -> CREATOR
    int versionCode -> e
    java.util.ArrayList hg -> f
    android.accounts.Account ec -> g
    boolean hh -> h
    boolean hi -> i
    boolean hj -> j
    java.lang.String hk -> k
    java.lang.String hl -> l
    java.util.Comparator hc -> m
    com.google.android.gms.auth.api.signin.GoogleSignInOptions zzfy(java.lang.String) -> a
    void <init>(int,java.util.ArrayList,android.accounts.Account,boolean,boolean,boolean,java.lang.String,java.lang.String) -> <init>
    void <init>(java.util.Set,android.accounts.Account,boolean,boolean,boolean,java.lang.String,java.lang.String) -> <init>
    java.util.ArrayList zzahj() -> a
    android.accounts.Account getAccount() -> b
    boolean zzahk() -> c
    boolean zzahl() -> d
    boolean zzahm() -> e
    java.lang.String zzahn() -> f
    java.lang.String zzaho() -> g
    void writeToParcel(android.os.Parcel,int) -> writeToParcel
    boolean equals(java.lang.Object) -> equals
    int hashCode() -> hashCode
    java.lang.String zzahg() -> h
    org.json.JSONObject zzahi() -> i