app/build/outputs/mapping/debug/usage.txt
com.example.ghost.vaksin.Booking1:
    public static final java.lang.String REGISTER_URL
    public static final java.lang.String CANCEL_URL
    public static final java.lang.String CHECK_URL
    public static final java.lang.String KEY_NAMA
    public static final java.lang.String KEY_TANGGAL
    public static final java.lang.String KEY_ANTRIAN
com.example.ghost.vaksin.BuildConfig
com.example.ghost.vaksin.Config:
    public static final java.lang.String data_url
    public static final java.lang.String key_nama
    public static final java.lang.String key_ortu
    public static final java.lang.String key_lahir
    public static final java.lang.String key_umur
    public static final java.lang.String key_kelamin
    public static final java.lang.String key_nohp
    public static final java.lang.String key_email
    public static final java.lang.String key_alamat
    public static final java.lang.String json_array
    6:6:public Config()
com.example.ghost.vaksin.ConnectionDetector:
    31:34:public static boolean isConnected()
com.example.ghost.vaksin.Images:
    public static final java.lang.String UPLOAD_URL
    public static final java.lang.String UPLOAD_KEY
com.example.ghost.vaksin.Laporkan:
    public static final java.lang.String SUBMIT_URL
com.example.ghost.vaksin.Login:
    public static final java.lang.String RESET_URL
com.example.ghost.vaksin.Lokasi:
    private static final int REQUEST_FINE_LOCATION
com.example.ghost.vaksin.MainActivity:
    private android.content.Context ctx
com.example.ghost.vaksin.Manifest
com.example.ghost.vaksin.Manifest$permission
com.example.ghost.vaksin.MyAppDetector
com.example.ghost.vaksin.Order:
    static final java.lang.String ITEM_SKU
    static final java.lang.String ITEM_SKU2
    static final java.lang.String ITEM_SKU3
    static final java.lang.String ITEM_SKU4
    static final java.lang.String ITEM_SKU5
    static final java.lang.String ITEM_SKU6
    private static final java.lang.String TAG
com.example.ghost.vaksin.R
com.example.ghost.vaksin.R$anim
com.example.ghost.vaksin.R$array
com.example.ghost.vaksin.R$attr
com.example.ghost.vaksin.R$bool
com.example.ghost.vaksin.R$color
com.example.ghost.vaksin.R$dimen
com.example.ghost.vaksin.R$drawable
com.example.ghost.vaksin.R$id
com.example.ghost.vaksin.R$integer
com.example.ghost.vaksin.R$interpolator
com.example.ghost.vaksin.R$layout
com.example.ghost.vaksin.R$menu
com.example.ghost.vaksin.R$mipmap
com.example.ghost.vaksin.R$raw
com.example.ghost.vaksin.R$string
com.example.ghost.vaksin.R$style
com.example.ghost.vaksin.R$styleable
com.example.ghost.vaksin.Register:
    public static int tahun
com.example.ghost.vaksin.RequestHandler:
    22:33:public java.lang.String sendGetRequest(java.lang.String)
com.example.ghost.vaksin.Reset:
    public static final java.lang.String UPDATE_URL
com.example.ghost.vaksin.SimpleSlide:
    private static final java.lang.String LAYOUT_ID
com.example.ghost.vaksin.billing.Base64:
    public static final boolean ENCODE
    public static final boolean DECODE
    private static final byte EQUALS_SIGN
    private static final byte NEW_LINE
    private static final byte WHITE_SPACE_ENC
    private static final byte EQUALS_SIGN_ENC
    209:234:private static byte[] encode3to4(byte[],int,int,byte[],int,byte[])
    247:247:public static java.lang.String encode(byte[])
    258:258:public static java.lang.String encodeWebSafe(byte[],boolean)
    274:286:public static java.lang.String encode(byte[],int,int,byte[],boolean)
    301:345:public static byte[] encode(byte[],int,int,byte[],int)
    431:432:public static byte[] decodeWebSafe(java.lang.String)
    445:445:public static byte[] decode(byte[])
    458:458:public static byte[] decodeWebSafe(byte[])
    489:489:public static byte[] decodeWebSafe(byte[],int,int)
com.example.ghost.vaksin.billing.Base64DecoderException:
    private static final long serialVersionUID
...
com.google.android.gms.location.LocationRequestCreator:
    public static final int CONTENT_DESCRIPTION
com.google.android.gms.location.LocationResult:
    public static com.google.android.gms.location.LocationResult create(java.util.List)
    public android.location.Location getLastLocation()
    public static boolean hasResult(android.content.Intent)
    public static com.google.android.gms.location.LocationResult extractResult(android.content.Intent)
com.google.android.gms.location.LocationServices:
    private LocationServices()
com.google.android.gms.location.LocationSettingsRequest:
    private LocationSettingsRequest(java.util.List,boolean,boolean)
    synthetic LocationSettingsRequest(java.util.List,boolean,boolean,com.google.android.gms.location.LocationSettingsRequest$1)
com.google.android.gms.location.LocationSettingsRequest$1
com.google.android.gms.location.LocationSettingsRequest$Builder
com.google.android.gms.location.LocationSettingsResult:
    public LocationSettingsResult(com.google.android.gms.common.api.Status)
com.google.android.gms.location.LocationSettingsStates:
    public boolean isLocationUsable()
    public boolean isLocationPresent()
    public static com.google.android.gms.location.LocationSettingsStates fromIntent(android.content.Intent)
com.google.android.gms.location.LocationSettingsStatusCodes
com.google.android.gms.location.LocationStatusCodes
com.google.android.gms.location.R
com.google.android.gms.location.SettingsApi:
    public abstract com.google.android.gms.common.api.PendingResult checkLocationSettings(com.google.android.gms.common.api.GoogleApiClient,com.google.android.gms.location.LocationSettingsRequest)
com.google.android.gms.location.internal.LocationRequestUpdateData:
    public static com.google.android.gms.location.internal.LocationRequestUpdateData zza(com.google.android.gms.location.internal.LocationRequestInternal,android.app.PendingIntent,com.google.android.gms.location.internal.zzg)
    public static com.google.android.gms.location.internal.LocationRequestUpdateData zzb(android.app.PendingIntent,com.google.android.gms.location.internal.zzg)
    public static com.google.android.gms.location.internal.LocationRequestUpdateData zza(com.google.android.gms.location.internal.LocationRequestInternal,com.google.android.gms.location.zzf,com.google.android.gms.location.internal.zzg)
com.google.android.gms.location.internal.ParcelableGeofence:
    public ParcelableGeofence(java.lang.String,int,short,double,double,float,long,int,int)
    public static com.google.android.gms.location.internal.ParcelableGeofence zzv(byte[])
com.google.android.gms.location.internal.zza
com.google.android.gms.location.internal.zza$1
com.google.android.gms.location.internal.zza$2
com.google.android.gms.location.internal.zza$zza